Release 14.7 Map P.20131013 (nt64)
Xilinx Mapping Report File for Design 'motherBoard'

Design Information
------------------
Command Line   : map -intstyle ise -p xc3s1200e-fg320-4 -cm area -ir off -pr off
-c 100 -o motherBoard_map.ncd motherBoard.ngd motherBoard.pcf 
Target Device  : xc3s1200e
Target Package : fg320
Target Speed   : -4
Mapper Version : spartan3e -- $Revision: 1.55 $
Mapped Date    : Thu Dec 04 16:40:32 2014

Design Summary
--------------
Number of errors:      0
Number of warnings:    2
Logic Utilization:
  Total Number Slice Registers:         570 out of  17,344    3%
    Number used as Flip Flops:          529
    Number used as Latches:              41
  Number of 4 input LUTs:             9,682 out of  17,344   55%
Logic Distribution:
  Number of occupied Slices:          7,653 out of   8,672   88%
    Number of Slices containing only related logic:   7,653 out of   7,653 100%
    Number of Slices containing unrelated logic:          0 out of   7,653   0%
      *See NOTES below for an explanation of the effects of unrelated logic.
  Total Number of 4 input LUTs:      13,720 out of  17,344   79%
    Number used as logic:             9,682
    Number used as a route-thru:      4,038

  The Slice Logic Distribution report is not meaningful if the design is
  over-mapped for a non-slice resource or if Placement fails.

  Number of bonded IOBs:                 84 out of     250   33%
  Number of BUFGMUXs:                     4 out of      24   16%

Average Fanout of Non-Clock Nets:                2.88

Peak Memory Usage:  372 MB
Total REAL time to MAP completion:  14 secs 
Total CPU time to MAP completion:   14 secs 

NOTES:

   Related logic is defined as being logic that shares connectivity - e.g. two
   LUTs are "related" if they share common inputs.  When assembling slices,
   Map gives priority to combine logic that is related.  Doing so results in
   the best timing performance.

   Unrelated logic shares no connectivity.  Map will only begin packing
   unrelated logic into a slice once 99% of the slices are occupied through
   related logic packing.

   Note that once logic distribution reaches the 99% level through related
   logic packing, this does not mean the device is completely utilized.
   Unrelated logic packing will then begin, continuing until all usable LUTs
   and FFs are occupied.  Depending on your timing budget, increased levels of
   unrelated logic packing may adversely affect the overall timing performance
   of your design.

Table of Contents
-----------------
Section 1 - Errors
Section 2 - Warnings
Section 3 - Informational
Section 4 - Removed Logic Summary
Section 5 - Removed Logic
Section 6 - IOB Properties
Section 7 - RPMs
Section 8 - Guide Report
Section 9 - Area Group and Partition Summary
Section 10 - Timing Report
Section 11 - Configuration String Information
Section 12 - Control Set Information
Section 13 - Utilization by Hierarchy

Section 1 - Errors
------------------

Section 2 - Warnings
--------------------
WARNING:Pack:266 - The function generator naive/calculator/res_mux0000<0>41
   failed to merge with F5 multiplexer naive/calculator/res_mux0000<0>185_f5. 
   There is a conflict for the FXMUX.  The design will exhibit suboptimal
   timing.
WARNING:PhysDesignRules:367 - The signal <clkHand_IBUF> is incomplete. The
   signal does not drive any load pins in the design.

Section 3 - Informational
-------------------------
INFO:LIT:243 - Logical network clkHand_IBUF has no load.
INFO:MapLib:562 - No environment variables are currently set.
INFO:LIT:244 - All of the single ended outputs in this design are using slew
   rate limited output drivers. The delay on speed critical single ended outputs
   can be dramatically reduced by designating them as fast outputs.

Section 4 - Removed Logic Summary
---------------------------------
   2 block(s) optimized away

Section 5 - Removed Logic
-------------------------

Optimized Block(s):
TYPE 		BLOCK
GND 		XST_GND
VCC 		XST_VCC

To enable printing of redundant blocks removed and signals merged, set the
detailed map report option and rerun map.

Section 6 - IOB Properties
--------------------------

+---------------------------------------------------------------------------------------------------------------------------------------------------------+
| IOB Name                           | Type             | Direction | IO Standard          | Diff  | Drive    | Slew | Reg (s)      | Resistor | IOB      |
|                                    |                  |           |                      | Term  | Strength | Rate |              |          | Delay    |
+---------------------------------------------------------------------------------------------------------------------------------------------------------+
| clk                                | IBUF             | INPUT     | LVCMOS25             |       |          |      |              |          | 0 / 0    |
| clkHand                            | IBUF             | INPUT     | LVCMOS25             |       |          |      |              |          | 0 / 0    |
| clkUART                            | IBUF             | INPUT     | LVCMOS25             |       |          |      |              |          | 0 / 0    |
| dataReady                          | IBUF             | INPUT     | LVCMOS25             |       |          |      |              |          | 0 / 0    |
| leddebug<0>                        | IOB              | OUTPUT    | LVCMOS25             |       | 12       | SLOW |              |          | 0 / 0    |
| leddebug<1>                        | IOB              | OUTPUT    | LVCMOS25             |       | 12       | SLOW |              |          | 0 / 0    |
| leddebug<2>                        | IOB              | OUTPUT    | LVCMOS25             |       | 12       | SLOW |              |          | 0 / 0    |
| leddebug<3>                        | IOB              | OUTPUT    | LVCMOS25             |       | 12       | SLOW |              |          | 0 / 0    |
| leddebug<4>                        | IOB              | OUTPUT    | LVCMOS25             |       | 12       | SLOW |              |          | 0 / 0    |
| leddebug<5>                        | IOB              | OUTPUT    | LVCMOS25             |       | 12       | SLOW |              |          | 0 / 0    |
| leddebug<6>                        | IOB              | OUTPUT    | LVCMOS25             |       | 12       | SLOW |              |          | 0 / 0    |
| leddebug<7>                        | IOB              | OUTPUT    | LVCMOS25             |       | 12       | SLOW |              |          | 0 / 0    |
| leddebug<8>                        | IOB              | OUTPUT    | LVCMOS25             |       | 12       | SLOW |              |          | 0 / 0    |
| leddebug<9>                        | IOB              | OUTPUT    | LVCMOS25             |       | 12       | SLOW |              |          | 0 / 0    |
| leddebug<10>                       | IOB              | OUTPUT    | LVCMOS25             |       | 12       | SLOW |              |          | 0 / 0    |
| leddebug<11>                       | IOB              | OUTPUT    | LVCMOS25             |       | 12       | SLOW |              |          | 0 / 0    |
| leddebug<12>                       | IOB              | OUTPUT    | LVCMOS25             |       | 12       | SLOW |              |          | 0 / 0    |
| leddebug<13>                       | IOB              | OUTPUT    | LVCMOS25             |       | 12       | SLOW |              |          | 0 / 0    |
| leddebug<14>                       | IOB              | OUTPUT    | LVCMOS25             |       | 12       | SLOW |              |          | 0 / 0    |
| leddebug<15>                       | IOB              | OUTPUT    | LVCMOS25             |       | 12       | SLOW |              |          | 0 / 0    |
| memAddrBus<0>                      | IOB              | OUTPUT    | LVCMOS25             |       | 12       | SLOW |              |          | 0 / 0    |
| memAddrBus<1>                      | IOB              | OUTPUT    | LVCMOS25             |       | 12       | SLOW |              |          | 0 / 0    |
| memAddrBus<2>                      | IOB              | OUTPUT    | LVCMOS25             |       | 12       | SLOW |              |          | 0 / 0    |
| memAddrBus<3>                      | IOB              | OUTPUT    | LVCMOS25             |       | 12       | SLOW |              |          | 0 / 0    |
| memAddrBus<4>                      | IOB              | OUTPUT    | LVCMOS25             |       | 12       | SLOW |              |          | 0 / 0    |
| memAddrBus<5>                      | IOB              | OUTPUT    | LVCMOS25             |       | 12       | SLOW |              |          | 0 / 0    |
| memAddrBus<6>                      | IOB              | OUTPUT    | LVCMOS25             |       | 12       | SLOW |              |          | 0 / 0    |
| memAddrBus<7>                      | IOB              | OUTPUT    | LVCMOS25             |       | 12       | SLOW |              |          | 0 / 0    |
| memAddrBus<8>                      | IOB              | OUTPUT    | LVCMOS25             |       | 12       | SLOW |              |          | 0 / 0    |
| memAddrBus<9>                      | IOB              | OUTPUT    | LVCMOS25             |       | 12       | SLOW |              |          | 0 / 0    |
| memAddrBus<10>                     | IOB              | OUTPUT    | LVCMOS25             |       | 12       | SLOW |              |          | 0 / 0    |
| memAddrBus<11>                     | IOB              | OUTPUT    | LVCMOS25             |       | 12       | SLOW |              |          | 0 / 0    |
| memAddrBus<12>                     | IOB              | OUTPUT    | LVCMOS25             |       | 12       | SLOW |              |          | 0 / 0    |
| memAddrBus<13>                     | IOB              | OUTPUT    | LVCMOS25             |       | 12       | SLOW |              |          | 0 / 0    |
| memAddrBus<14>                     | IOB              | OUTPUT    | LVCMOS25             |       | 12       | SLOW |              |          | 0 / 0    |
| memAddrBus<15>                     | IOB              | OUTPUT    | LVCMOS25             |       | 12       | SLOW |              |          | 0 / 0    |
| memAddrBus<16>                     | IOB              | OUTPUT    | LVCMOS25             |       | 12       | SLOW |              |          | 0 / 0    |
| memAddrBus<17>                     | IOB              | OUTPUT    | LVCMOS25             |       | 12       | SLOW |              |          | 0 / 0    |
| memDataBus<0>                      | IOB              | BIDIR     | LVCMOS25             |       | 12       | SLOW |              |          | 0 / 0    |
| memDataBus<1>                      | IOB              | BIDIR     | LVCMOS25             |       | 12       | SLOW |              |          | 0 / 0    |
| memDataBus<2>                      | IOB              | BIDIR     | LVCMOS25             |       | 12       | SLOW |              |          | 0 / 0    |
| memDataBus<3>                      | IOB              | BIDIR     | LVCMOS25             |       | 12       | SLOW |              |          | 0 / 0    |
| memDataBus<4>                      | IOB              | BIDIR     | LVCMOS25             |       | 12       | SLOW |              |          | 0 / 0    |
| memDataBus<5>                      | IOB              | BIDIR     | LVCMOS25             |       | 12       | SLOW |              |          | 0 / 0    |
| memDataBus<6>                      | IOB              | BIDIR     | LVCMOS25             |       | 12       | SLOW |              |          | 0 / 0    |
| memDataBus<7>                      | IOB              | BIDIR     | LVCMOS25             |       | 12       | SLOW |              |          | 0 / 0    |
| memDataBus<8>                      | IOB              | BIDIR     | LVCMOS25             |       | 12       | SLOW |              |          | 0 / 0    |
| memDataBus<9>                      | IOB              | BIDIR     | LVCMOS25             |       | 12       | SLOW |              |          | 0 / 0    |
| memDataBus<10>                     | IOB              | BIDIR     | LVCMOS25             |       | 12       | SLOW |              |          | 0 / 0    |
| memDataBus<11>                     | IOB              | BIDIR     | LVCMOS25             |       | 12       | SLOW |              |          | 0 / 0    |
| memDataBus<12>                     | IOB              | BIDIR     | LVCMOS25             |       | 12       | SLOW |              |          | 0 / 0    |
| memDataBus<13>                     | IOB              | BIDIR     | LVCMOS25             |       | 12       | SLOW |              |          | 0 / 0    |
| memDataBus<14>                     | IOB              | BIDIR     | LVCMOS25             |       | 12       | SLOW |              |          | 0 / 0    |
| memDataBus<15>                     | IOB              | BIDIR     | LVCMOS25             |       | 12       | SLOW |              |          | 0 / 0    |
| memEnable                          | IOB              | OUTPUT    | LVCMOS25             |       | 12       | SLOW |              |          | 0 / 0    |
| memRead                            | IOB              | OUTPUT    | LVCMOS25             |       | 12       | SLOW |              |          | 0 / 0    |
| memWrite                           | IOB              | OUTPUT    | LVCMOS25             |       | 12       | SLOW |              |          | 0 / 0    |
| ram1DataBus<0>                     | IOB              | BIDIR     | LVCMOS25             |       | 12       | SLOW |              |          | 0 / 0    |
| ram1DataBus<1>                     | IOB              | BIDIR     | LVCMOS25             |       | 12       | SLOW |              |          | 0 / 0    |
| ram1DataBus<2>                     | IOB              | BIDIR     | LVCMOS25             |       | 12       | SLOW |              |          | 0 / 0    |
| ram1DataBus<3>                     | IOB              | BIDIR     | LVCMOS25             |       | 12       | SLOW |              |          | 0 / 0    |
| ram1DataBus<4>                     | IOB              | BIDIR     | LVCMOS25             |       | 12       | SLOW |              |          | 0 / 0    |
| ram1DataBus<5>                     | IOB              | BIDIR     | LVCMOS25             |       | 12       | SLOW |              |          | 0 / 0    |
| ram1DataBus<6>                     | IOB              | BIDIR     | LVCMOS25             |       | 12       | SLOW |              |          | 0 / 0    |
| ram1DataBus<7>                     | IOB              | BIDIR     | LVCMOS25             |       | 12       | SLOW |              |          | 0 / 0    |
| ram1En                             | IOB              | OUTPUT    | LVCMOS25             |       | 12       | SLOW |              |          | 0 / 0    |
| ram1Oe                             | IOB              | OUTPUT    | LVCMOS25             |       | 12       | SLOW |              |          | 0 / 0    |
| ram1We                             | IOB              | OUTPUT    | LVCMOS25             |       | 12       | SLOW |              |          | 0 / 0    |
| rdn                                | IOB              | OUTPUT    | LVCMOS25             |       | 12       | SLOW |              |          | 0 / 0    |
| rst                                | IBUF             | INPUT     | LVCMOS25             |       |          |      |              |          | 0 / 0    |
| tbre                               | IBUF             | INPUT     | LVCMOS25             |       |          |      |              |          | 0 / 0    |
| tsre                               | IBUF             | INPUT     | LVCMOS25             |       |          |      |              |          | 0 / 0    |
| vgaB<0>                            | IOB              | OUTPUT    | LVCMOS25             |       | 12       | SLOW |              |          | 0 / 0    |
| vgaB<1>                            | IOB              | OUTPUT    | LVCMOS25             |       | 12       | SLOW |              |          | 0 / 0    |
| vgaB<2>                            | IOB              | OUTPUT    | LVCMOS25             |       | 12       | SLOW |              |          | 0 / 0    |
| vgaG<0>                            | IOB              | OUTPUT    | LVCMOS25             |       | 12       | SLOW |              |          | 0 / 0    |
| vgaG<1>                            | IOB              | OUTPUT    | LVCMOS25             |       | 12       | SLOW |              |          | 0 / 0    |
| vgaG<2>                            | IOB              | OUTPUT    | LVCMOS25             |       | 12       | SLOW |              |          | 0 / 0    |
| vgaHs                              | IOB              | OUTPUT    | LVCMOS25             |       | 12       | SLOW |              |          | 0 / 0    |
| vgaR<0>                            | IOB              | OUTPUT    | LVCMOS25             |       | 12       | SLOW |              |          | 0 / 0    |
| vgaR<1>                            | IOB              | OUTPUT    | LVCMOS25             |       | 12       | SLOW |              |          | 0 / 0    |
| vgaR<2>                            | IOB              | OUTPUT    | LVCMOS25             |       | 12       | SLOW |              |          | 0 / 0    |
| vgaVs                              | IOB              | OUTPUT    | LVCMOS25             |       | 12       | SLOW |              |          | 0 / 0    |
| wrn                                | IOB              | OUTPUT    | LVCMOS25             |       | 12       | SLOW |              |          | 0 / 0    |
+---------------------------------------------------------------------------------------------------------------------------------------------------------+

Section 7 - RPMs
----------------

Section 8 - Guide Report
------------------------
Guide not run on this design.

Section 9 - Area Group and Partition Summary
--------------------------------------------

Partition Implementation Status
-------------------------------

  No Partitions were found in this design.

-------------------------------

Area Group Information
----------------------

  No area groups were found in this design.

----------------------

Section 10 - Timing Report
--------------------------
This design was not run using timing mode.

Section 11 - Configuration String Details
-----------------------------------------
Use the "-detail" map option to print out Configuration Strings

Section 12 - Control Set Information
------------------------------------
No control set information for this architecture.

Section 13 - Utilization by Hierarchy
-------------------------------------
Use the "-detail" map option to print out the Utilization by Hierarchy section.
